[ContainerBackgroundProcessor[StandardEngine[Catalina]]] [2019 7월 17 13:06:07]Filter init
[localhost-startStop-1] [2019 7월 17 13:06:20]Filter init
[http-bio-8080-exec-3] [2019 7월 17 13:06:21]Filter before do
[http-bio-8080-exec-3] [2019 7월 17 13:06:21]Filter after do
[http-bio-8080-exec-3] [2019 7월 17 13:06:24]Filter before do
[http-bio-8080-exec-3] [2019 7월 17 13:06:24]개발자모드
[http-bio-8080-exec-3] [2019 7월 17 13:06:24]정보제공
[http-bio-8080-exec-3] [2019 7월 17 13:06:24]경고
[http-bio-8080-exec-3] [2019 7월 17 13:06:24]에러
[http-bio-8080-exec-3] [2019 7월 17 13:06:24]치명적인
[http-bio-8080-exec-3] [2019 7월 17 13:06:24]Filter after do
[localhost-startStop-1] [2019 7월 17 14:37:31]Filter init
[localhost-startStop-1] [2019 7월 17 14:46:36]Filter init
[localhost-startStop-1] [2019 7월 17 14:48:10]Filter init
[localhost-startStop-1] [2019 7월 17 14:49:56]Filter init
[localhost-startStop-1] [2019 7월 17 15:00:56]Filter init
[localhost-startStop-1] [2019 7월 17 15:30:27]Filter init
[localhost-startStop-1] [2019 7월 17 15:31:00]Filter init
[localhost-startStop-1] [2019 7월 17 15:34:11]Filter init
[localhost-startStop-1] [2019 7월 17 15:42:19]Filter init
[localhost-startStop-1] [2019 7월 17 15:48:47]Filter init
[localhost-startStop-2] [2019 7월 17 15:51:27]Filter dest...
[localhost-startStop-1] [2019 7월 17 15:51:29]Filter init
[localhost-startStop-1] [2019 7월 17 16:00:40]Filter init
[localhost-startStop-2] [2019 7월 17 16:12:54]Filter dest...
[localhost-startStop-1] [2019 7월 17 16:12:56]Filter init
[localhost-startStop-1] [2019 7월 17 16:25:28]Filter init
[localhost-startStop-1] [2019 7월 17 16:25:36]Filter dest...
[localhost-startStop-1] [2019 7월 17 16:26:13]Filter init
[localhost-startStop-1] [2019 7월 17 16:27:17]Filter init
[localhost-startStop-1] [2019 7월 17 16:30:34]Filter init
[localhost-startStop-1] [2019 7월 17 16:43:55]Filter init
[localhost-startStop-1] [2019 7월 17 16:47:01]Filter init
[localhost-startStop-1] [2019 7월 17 16:49:41]Filter init
[localhost-startStop-1] [2019 7월 17 16:51:51]Filter init
[localhost-startStop-1] [2019 7월 17 16:53:11]Filter init
[localhost-startStop-1] [2019 7월 17 16:58:08]Filter init
[localhost-startStop-1] [2019 7월 17 16:59:38]Filter init
[localhost-startStop-1] [2019 7월 17 17:22:18]Filter init
[localhost-startStop-1] [2019 7월 17 17:40:20]Filter init
